app/build/intermediates/manifest_merge_blame_file/debug/processDebugMainManifest/manifest-merger-blame-debug-report.txt
1<?xml version="1.0" encoding="utf-8"?>
2<manifest xmlns:android="http://schemas.android.com/apk/res/android"
3    package="com.ava"
4    android:versionCode="1"
5    android:versionName="1.0.0" >
6
7    <uses-sdk
8        android:minSdkVersion="24"
9        android:targetSdkVersion="36" />
10
11    <uses-permission android:name="android.permission.INTERNET" />
11-->src/main/AndroidManifest.xml:5:5-67
11-->src/main/AndroidManifest.xml:5:22-64
12    <uses-permission android:name="android.permission.POST_NOTIFICATIONS" />
12-->src/main/AndroidManifest.xml:6:5-77
12-->src/main/AndroidManifest.xml:6:22-74
13    <uses-permission android:name="android.permission.WRITE_EXTERNAL_STORAGE" />
13-->src/main/AndroidManifest.xml:7:5-8:68
13-->src/main/AndroidManifest.xml:8:9-65
14    <!-- <uses-permission android:name="com.google.android.gms.permission.AD_ID"/> -->
15    <queries>
15-->src/main/AndroidManifest.xml:10:5-18:15
16        <package android:name="org.telegram.messenger" />
16-->src/main/AndroidManifest.xml:11:9-58
16-->src/main/AndroidManifest.xml:11:18-55
17        <package android:name="org.telegram.messenger.web" />
17-->src/main/AndroidManifest.xml:12:9-62
17-->src/main/AndroidManifest.xml:12:18-59
18        <package android:name="org.telegram.plus" />
18-->src/main/AndroidManifest.xml:13:9-53
18-->src/main/AndroidManifest.xml:13:18-50
19
20        <intent>
20-->src/main/AndroidManifest.xml:14:9-17:18
21            <action android:name="org.telegram.messenger.CREATE_STICKER_PACK" />
21-->src/main/AndroidManifest.xml:15:13-81
21-->src/main/AndroidManifest.xml:15:21-78
22
23            <data android:mimeType="image/*" />
23-->src/main/AndroidManifest.xml:16:13-48
23-->src/main/AndroidManifest.xml:16:19-45
24        </intent>
25    </queries>
26
27    <uses-permission android:name="android.permission.ACCESS_NETWORK_STATE" />
27-->[com.google.firebase:firebase-config:22.0.1] AndroidManifest.xml:22:5-79
27-->[com.google.firebase:firebase-config:22.0.1] AndroidManifest.xml:22:22-76
28    <uses-permission android:name="android.permission.WAKE_LOCK" /> <!-- Required by older versions of Google Play services to create IID tokens -->
28-->[com.google.firebase:firebase-messaging:24.1.0] AndroidManifest.xml:24:5-68
28-->[com.google.firebase:firebase-messaging:24.1.0] AndroidManifest.xml:24:22-65
29    <uses-permission android:name="com.google.android.c2dm.permission.RECEIVE" />
29-->[com.google.firebase:firebase-messaging:24.1.0] AndroidManifest.xml:26:5-82
29-->[com.google.firebase:firebase-messaging:24.1.0] AndroidManifest.xml:26:22-79
30    <uses-permission android:name="com.google.android.gms.permission.AD_ID" />
30-->[com.google.android.gms:play-services-measurement-api:22.1.2] AndroidManifest.xml:25:5-79
30-->[com.google.android.gms:play-services-measurement-api:22.1.2] AndroidManifest.xml:25:22-76
31    <uses-permission android:name="android.permission.ACCESS_ADSERVICES_ATTRIBUTION" />
31-->[com.google.android.gms:play-services-measurement-api:22.1.2] AndroidManifest.xml:26:5-88
31-->[com.google.android.gms:play-services-measurement-api:22.1.2] AndroidManifest.xml:26:22-85
32    <uses-permission android:name="android.permission.ACCESS_ADSERVICES_AD_ID" />
32-->[com.google.android.gms:play-services-measurement-api:22.1.2] AndroidManifest.xml:27:5-82
32-->[com.google.android.gms:play-services-measurement-api:22.1.2] AndroidManifest.xml:27:22-79
33    <uses-permission android:name="android.permission.RECEIVE_BOOT_COMPLETED" />
33-->[androidx.work:work-runtime:2.9.1] AndroidManifest.xml:25:5-81
33-->[androidx.work:work-runtime:2.9.1] AndroidManifest.xml:25:22-78
34    <uses-permission android:name="android.permission.FOREGROUND_SERVICE" />
34-->[androidx.work:work-runtime:2.9.1] AndroidManifest.xml:26:5-77
34-->[androidx.work:work-runtime:2.9.1] AndroidManifest.xml:26:22-74
35    <uses-permission android:name="com.google.android.finsky.permission.BIND_GET_INSTALL_REFERRER_SERVICE" />
35-->[com.google.android.gms:play-services-measurement:22.1.2] AndroidManifest.xml:26:5-110
35-->[com.google.android.gms:play-services-measurement:22.1.2] AndroidManifest.xml:26:22-107
36
37    <permission
37-->[androidx.core:core:1.17.0] AndroidManifest.xml:22:5-24:47
38        android:name="com.ava.DYNAMIC_RECEIVER_NOT_EXPORTED_PERMISSION"
38-->[androidx.core:core:1.17.0] AndroidManifest.xml:23:9-81
39        android:protectionLevel="signature" />
39-->[androidx.core:core:1.17.0] AndroidManifest.xml:24:9-44
40
41    <uses-permission android:name="com.ava.DYNAMIC_RECEIVER_NOT_EXPORTED_PERMISSION" />
41-->[androidx.core:core:1.17.0] AndroidManifest.xml:26:5-97
41-->[androidx.core:core:1.17.0] AndroidManifest.xml:26:22-94
42
43    <application
43-->src/main/AndroidManifest.xml:20:5-76:19
44        android:name="com.ava.MyApplication"
44-->src/main/AndroidManifest.xml:21:9-45
45        android:allowBackup="true"
45-->src/main/AndroidManifest.xml:22:9-35
46        android:appComponentFactory="androidx.core.app.CoreComponentFactory"
46-->[androidx.core:core:1.17.0] AndroidManifest.xml:28:18-86
47        android:dataExtractionRules="@xml/data_extraction_rules"
47-->src/main/AndroidManifest.xml:24:9-65
48        android:debuggable="true"
49        android:extractNativeLibs="false"
50        android:fullBackupContent="@xml/backup_rules"
50-->src/main/AndroidManifest.xml:25:9-54
51        android:hardwareAccelerated="true"
51-->src/main/AndroidManifest.xml:32:9-43
52        android:icon="@mipmap/ic_launcher"
52-->src/main/AndroidManifest.xml:26:9-43
53        android:label="@string/app_name"
53-->src/main/AndroidManifest.xml:27:9-41
54        android:largeHeap="true"
54-->src/main/AndroidManifest.xml:33:9-33
55        android:networkSecurityConfig="@xml/network_security_config"
55-->src/main/AndroidManifest.xml:23:9-69
56        android:roundIcon="@mipmap/ic_launcher_round"
56-->src/main/AndroidManifest.xml:28:9-54
57        android:supportsRtl="true"
57-->src/main/AndroidManifest.xml:29:9-35
58        android:testOnly="true"
59        android:theme="@style/Base.Theme.BaseFragment" >
59-->src/main/AndroidManifest.xml:31:9-55
60        <meta-data
60-->src/main/AndroidManifest.xml:35:9-37:36
61            android:name="google_analytics_automatic_screen_reporting_enabled"
61-->src/main/AndroidManifest.xml:36:13-79
62            android:value="true" />
62-->src/main/AndroidManifest.xml:37:13-33
63        <meta-data
63-->src/main/AndroidManifest.xml:38:9-40:37
64            android:name="com.google.android.gms.ads.flag.NATIVE_AD_DEBUGGER_ENABLED"
64-->src/main/AndroidManifest.xml:39:13-86
65            android:value="false" />
65-->src/main/AndroidManifest.xml:40:13-34
66        <meta-data
66-->src/main/AndroidManifest.xml:41:9-43:46
67            android:name="com.google.android.gms.ads.APPLICATION_ID"
67-->src/main/AndroidManifest.xml:42:13-69
68            android:value="@string/app_id" />
68-->src/main/AndroidManifest.xml:43:13-43
69        <!-- <meta-data -->
70        <!-- android:name="com.google.android.gms.ads.flag.OPTIMIZE_INITIALIZATION" -->
71        <!-- android:value="true" /> -->
72        <!-- <meta-data -->
73        <!-- android:name="com.google.android.gms.ads.flag.OPTIMIZE_AD_LOADING" -->
74        <!-- android:value="true" /> -->
75        <activity
75-->src/main/AndroidManifest.xml:50:9-61:20
76            android:name="com.ava.MainActivity"
76-->src/main/AndroidManifest.xml:51:13-48
77            android:exported="true"
77-->src/main/AndroidManifest.xml:55:13-36
78            android:launchMode="singleTask"
78-->src/main/AndroidManifest.xml:53:13-44
79            android:screenOrientation="portrait"
79-->src/main/AndroidManifest.xml:52:13-49
80            android:windowSoftInputMode="adjustResize|stateHidden" >
80-->src/main/AndroidManifest.xml:54:13-67
81            <intent-filter>
81-->src/main/AndroidManifest.xml:56:13-60:29
82                <action android:name="android.intent.action.MAIN" />
82-->src/main/AndroidManifest.xml:57:17-69
82-->src/main/AndroidManifest.xml:57:25-66
83
84                <category android:name="android.intent.category.LAUNCHER" />
84-->src/main/AndroidManifest.xml:59:17-77
84-->src/main/AndroidManifest.xml:59:27-74
85            </intent-filter>
86        </activity>
87
88        <provider
89            android:name="androidx.core.content.FileProvider"
89-->src/main/AndroidManifest.xml:63:13-62
90            android:authorities="com.ava.provider"
90-->src/main/AndroidManifest.xml:64:13-60
91            android:exported="false"
91-->src/main/AndroidManifest.xml:65:13-37
92            android:grantUriPermissions="true" >
92-->src/main/AndroidManifest.xml:66:13-47
93            <meta-data
93-->src/main/AndroidManifest.xml:67:13-69:52
94                android:name="android.support.FILE_PROVIDER_PATHS"
94-->src/main/AndroidManifest.xml:68:17-67
95                android:resource="@xml/provider" />
95-->src/main/AndroidManifest.xml:69:17-49
96        </provider>
97        <provider
97-->src/main/AndroidManifest.xml:71:9-75:66
98            android:name="com.ava.utils.share.whatsapp.StickerContentProvider"
98-->src/main/AndroidManifest.xml:72:13-79
99            android:authorities="com.ava.utils.share.whatsapp.StickerContentProvider"
99-->src/main/AndroidManifest.xml:73:13-86
100            android:exported="true"
100-->src/main/AndroidManifest.xml:74:13-36
101            android:readPermission="com.whatsapp.sticker.READ" />
101-->src/main/AndroidManifest.xml:75:13-63
102
103        <service
103-->[com.google.firebase:firebase-crashlytics-ktx:19.3.0] AndroidManifest.xml:21:9-27:19
104            android:name="com.google.firebase.components.ComponentDiscoveryService"
104-->[com.google.firebase:firebase-crashlytics-ktx:19.3.0] AndroidManifest.xml:22:13-84
105            android:directBootAware="true"
105-->[com.google.firebase:firebase-common:21.0.0] AndroidManifest.xml:32:13-43
106            android:exported="false" >
106-->[com.google.firebase:firebase-crashlytics-ktx:19.3.0] AndroidManifest.xml:23:13-37
107            <meta-data
107-->[com.google.firebase:firebase-crashlytics-ktx:19.3.0] AndroidManifest.xml:24:13-26:85
108                android:name="com.google.firebase.components:com.google.firebase.crashlytics.ktx.FirebaseCrashlyticsKtxRegistrar"
108-->[com.google.firebase:firebase-crashlytics-ktx:19.3.0] AndroidManifest.xml:25:17-130
109                android:value="com.google.firebase.components.ComponentRegistrar" />
109-->[com.google.firebase:firebase-crashlytics-ktx:19.3.0] AndroidManifest.xml:26:17-82
110            <meta-data
110-->[com.google.firebase:firebase-crashlytics:19.3.0] AndroidManifest.xml:15:13-17:85
111                android:name="com.google.firebase.components:com.google.firebase.crashlytics.FirebaseCrashlyticsKtxRegistrar"
111-->[com.google.firebase:firebase-crashlytics:19.3.0] AndroidManifest.xml:16:17-126
112                android:value="com.google.firebase.components.ComponentRegistrar" />
112-->[com.google.firebase:firebase-crashlytics:19.3.0] AndroidManifest.xml:17:17-82
113            <meta-data
113-->[com.google.firebase:firebase-crashlytics:19.3.0] AndroidManifest.xml:18:13-20:85
114                android:name="com.google.firebase.components:com.google.firebase.crashlytics.CrashlyticsRegistrar"
114-->[com.google.firebase:firebase-crashlytics:19.3.0] AndroidManifest.xml:19:17-115
115                android:value="com.google.firebase.components.ComponentRegistrar" />
115-->[com.google.firebase:firebase-crashlytics:19.3.0] AndroidManifest.xml:20:17-82
116            <meta-data
116-->[com.google.firebase:firebase-sessions:2.0.7] AndroidManifest.xml:29:13-31:85
117                android:name="com.google.firebase.components:com.google.firebase.sessions.FirebaseSessionsRegistrar"
117-->[com.google.firebase:firebase-sessions:2.0.7] AndroidManifest.xml:30:17-117
118                android:value="com.google.firebase.components.ComponentRegistrar" />
118-->[com.google.firebase:firebase-sessions:2.0.7] AndroidManifest.xml:31:17-82
119            <meta-data
119-->[com.google.firebase:firebase-config-ktx:22.0.1] AndroidManifest.xml:12:13-14:85
120                android:name="com.google.firebase.components:com.google.firebase.remoteconfig.ktx.FirebaseConfigLegacyRegistrar"
120-->[com.google.firebase:firebase-config-ktx:22.0.1] AndroidManifest.xml:13:17-129
121                android:value="com.google.firebase.components.ComponentRegistrar" />
121-->[com.google.firebase:firebase-config-ktx:22.0.1] AndroidManifest.xml:14:17-82
122            <meta-data
122-->[com.google.firebase:firebase-config:22.0.1] AndroidManifest.xml:29:13-31:85
123                android:name="com.google.firebase.components:com.google.firebase.remoteconfig.FirebaseRemoteConfigKtxRegistrar"
123-->[com.google.firebase:firebase-config:22.0.1] AndroidManifest.xml:30:17-128
124                android:value="com.google.firebase.components.ComponentRegistrar" />
124-->[com.google.firebase:firebase-config:22.0.1] AndroidManifest.xml:31:17-82
125            <meta-data
125-->[com.google.firebase:firebase-config:22.0.1] AndroidManifest.xml:32:13-34:85
126                android:name="com.google.firebase.components:com.google.firebase.remoteconfig.RemoteConfigRegistrar"
126-->[com.google.firebase:firebase-config:22.0.1] AndroidManifest.xml:33:17-117
127                android:value="com.google.firebase.components.ComponentRegistrar" />
127-->[com.google.firebase:firebase-config:22.0.1] AndroidManifest.xml:34:17-82
128            <meta-data
128-->[com.google.firebase:firebase-analytics-ktx:22.1.2] AndroidManifest.xml:11:13-13:85
129                android:name="com.google.firebase.components:com.google.firebase.analytics.ktx.FirebaseAnalyticsLegacyRegistrar"
129-->[com.google.firebase:firebase-analytics-ktx:22.1.2] AndroidManifest.xml:12:17-129
130                android:value="com.google.firebase.components.ComponentRegistrar" />
130-->[com.google.firebase:firebase-analytics-ktx:22.1.2] AndroidManifest.xml:13:17-82
131            <meta-data
131-->[com.google.firebase:firebase-messaging-ktx:24.1.0] AndroidManifest.xml:26:13-28:85
132                android:name="com.google.firebase.components:com.google.firebase.messaging.ktx.FirebaseMessagingLegacyRegistrar"
132-->[com.google.firebase:firebase-messaging-ktx:24.1.0] AndroidManifest.xml:27:17-129
133                android:value="com.google.firebase.components.ComponentRegistrar" />
133-->[com.google.firebase:firebase-messaging-ktx:24.1.0] AndroidManifest.xml:28:17-82
134            <meta-data
134-->[com.google.firebase:firebase-messaging:24.1.0] AndroidManifest.xml:57:13-59:85
135                android:name="com.google.firebase.components:com.google.firebase.messaging.FirebaseMessagingKtxRegistrar"
135-->[com.google.firebase:firebase-messaging:24.1.0] AndroidManifest.xml:58:17-122
136                android:value="com.google.firebase.components.ComponentRegistrar" />
136-->[com.google.firebase:firebase-messaging:24.1.0] AndroidManifest.xml:59:17-82
137            <meta-data
137-->[com.google.firebase:firebase-messaging:24.1.0] AndroidManifest.xml:60:13-62:85
138                android:name="com.google.firebase.components:com.google.firebase.messaging.FirebaseMessagingRegistrar"
138-->[com.google.firebase:firebase-messaging:24.1.0] AndroidManifest.xml:61:17-119
139                android:value="com.google.firebase.components.ComponentRegistrar" />
139-->[com.google.firebase:firebase-messaging:24.1.0] AndroidManifest.xml:62:17-82
140            <meta-data
140-->[com.google.android.gms:play-services-measurement-api:22.1.2] AndroidManifest.xml:37:13-39:85
141                android:name="com.google.firebase.components:com.google.firebase.analytics.connector.internal.AnalyticsConnectorRegistrar"
141-->[com.google.android.gms:play-services-measurement-api:22.1.2] AndroidManifest.xml:38:17-139
142                android:value="com.google.firebase.components.ComponentRegistrar" />
142-->[com.google.android.gms:play-services-measurement-api:22.1.2] AndroidManifest.xml:39:17-82
143            <meta-data
143-->[com.google.firebase:firebase-installations:18.0.0] AndroidManifest.xml:15:13-17:85
144                android:name="com.google.firebase.components:com.google.firebase.installations.FirebaseInstallationsKtxRegistrar"
144-->[com.google.firebase:firebase-installations:18.0.0] AndroidManifest.xml:16:17-130
145                android:value="com.google.firebase.components.ComponentRegistrar" />
145-->[com.google.firebase:firebase-installations:18.0.0] AndroidManifest.xml:17:17-82
146            <meta-data
146-->[com.google.firebase:firebase-installations:18.0.0] AndroidManifest.xml:18:13-20:85
147                android:name="com.google.firebase.components:com.google.firebase.installations.FirebaseInstallationsRegistrar"
147-->[com.google.firebase:firebase-installations:18.0.0] AndroidManifest.xml:19:17-127
148                android:value="com.google.firebase.components.ComponentRegistrar" />
148-->[com.google.firebase:firebase-installations:18.0.0] AndroidManifest.xml:20:17-82
149            <meta-data
149-->[com.google.firebase:firebase-common-ktx:21.0.0] AndroidManifest.xml:12:13-14:85
150                android:name="com.google.firebase.components:com.google.firebase.ktx.FirebaseCommonLegacyRegistrar"
150-->[com.google.firebase:firebase-common-ktx:21.0.0] AndroidManifest.xml:13:17-116
151                android:value="com.google.firebase.components.ComponentRegistrar" />
151-->[com.google.firebase:firebase-common-ktx:21.0.0] AndroidManifest.xml:14:17-82
152            <meta-data
152-->[com.google.firebase:firebase-common:21.0.0] AndroidManifest.xml:35:13-37:85
153                android:name="com.google.firebase.components:com.google.firebase.FirebaseCommonKtxRegistrar"
153-->[com.google.firebase:firebase-common:21.0.0] AndroidManifest.xml:36:17-109
154                android:value="com.google.firebase.components.ComponentRegistrar" />
154-->[com.google.firebase:firebase-common:21.0.0] AndroidManifest.xml:37:17-82
155            <meta-data
155-->[com.google.firebase:firebase-abt:21.1.1] AndroidManifest.xml:12:13-14:85
156                android:name="com.google.firebase.components:com.google.firebase.abt.component.AbtRegistrar"
156-->[com.google.firebase:firebase-abt:21.1.1] AndroidManifest.xml:13:17-109
157                android:value="com.google.firebase.components.ComponentRegistrar" />
157-->[com.google.firebase:firebase-abt:21.1.1] AndroidManifest.xml:14:17-82
158            <meta-data
158-->[com.google.firebase:firebase-datatransport:19.0.0] AndroidManifest.xml:25:13-27:85
159                android:name="com.google.firebase.components:com.google.firebase.datatransport.TransportRegistrar"
159-->[com.google.firebase:firebase-datatransport:19.0.0] AndroidManifest.xml:26:17-115
160                android:value="com.google.firebase.components.ComponentRegistrar" />
160-->[com.google.firebase:firebase-datatransport:19.0.0] AndroidManifest.xml:27:17-82
161        </service>
162        <service
162-->[com.google.firebase:firebase-sessions:2.0.7] AndroidManifest.xml:22:9-25:40
163            android:name="com.google.firebase.sessions.SessionLifecycleService"
163-->[com.google.firebase:firebase-sessions:2.0.7] AndroidManifest.xml:23:13-80
164            android:enabled="true"
164-->[com.google.firebase:firebase-sessions:2.0.7] AndroidManifest.xml:24:13-35
165            android:exported="false" />
165-->[com.google.firebase:firebase-sessions:2.0.7] AndroidManifest.xml:25:13-37
166
167        <receiver
167-->[com.google.firebase:firebase-messaging:24.1.0] AndroidManifest.xml:29:9-40:20
168            android:name="com.google.firebase.iid.FirebaseInstanceIdReceiver"
168-->[com.google.firebase:firebase-messaging:24.1.0] AndroidManifest.xml:30:13-78
169            android:exported="true"
169-->[com.google.firebase:firebase-messaging:24.1.0] AndroidManifest.xml:31:13-36
170            android:permission="com.google.android.c2dm.permission.SEND" >
170-->[com.google.firebase:firebase-messaging:24.1.0] AndroidManifest.xml:32:13-73
171            <intent-filter>
171-->[com.google.firebase:firebase-messaging:24.1.0] AndroidManifest.xml:33:13-35:29
172                <action android:name="com.google.android.c2dm.intent.RECEIVE" />
172-->[com.google.firebase:firebase-messaging:24.1.0] AndroidManifest.xml:34:17-81
172-->[com.google.firebase:firebase-messaging:24.1.0] AndroidManifest.xml:34:25-78
173            </intent-filter>
174
175            <meta-data
175-->[com.google.firebase:firebase-messaging:24.1.0] AndroidManifest.xml:37:13-39:40
176                android:name="com.google.android.gms.cloudmessaging.FINISHED_AFTER_HANDLED"
176-->[com.google.firebase:firebase-messaging:24.1.0] AndroidManifest.xml:38:17-92
177                android:value="true" />
177-->[com.google.firebase:firebase-messaging:24.1.0] AndroidManifest.xml:39:17-37
178        </receiver>
179        <!--
180             FirebaseMessagingService performs security checks at runtime,
181             but set to not exported to explicitly avoid allowing another app to call it.
182        -->
183        <service
183-->[com.google.firebase:firebase-messaging:24.1.0] AndroidManifest.xml:46:9-53:19
184            android:name="com.google.firebase.messaging.FirebaseMessagingService"
184-->[com.google.firebase:firebase-messaging:24.1.0] AndroidManifest.xml:47:13-82
185            android:directBootAware="true"
185-->[com.google.firebase:firebase-messaging:24.1.0] AndroidManifest.xml:48:13-43
186            android:exported="false" >
186-->[com.google.firebase:firebase-messaging:24.1.0] AndroidManifest.xml:49:13-37
187            <intent-filter android:priority="-500" >
187-->[com.google.firebase:firebase-messaging:24.1.0] AndroidManifest.xml:50:13-52:29
187-->[com.google.firebase:firebase-messaging:24.1.0] AndroidManifest.xml:50:28-51
188                <action android:name="com.google.firebase.MESSAGING_EVENT" />
188-->[com.google.firebase:firebase-messaging:24.1.0] AndroidManifest.xml:51:17-78
188-->[com.google.firebase:firebase-messaging:24.1.0] AndroidManifest.xml:51:25-75
189            </intent-filter>
190        </service>
191
192        <property
192-->[com.google.android.gms:play-services-measurement-api:22.1.2] AndroidManifest.xml:30:9-32:61
193            android:name="android.adservices.AD_SERVICES_CONFIG"
193-->[com.google.android.gms:play-services-measurement-api:22.1.2] AndroidManifest.xml:31:13-65
194            android:resource="@xml/ga_ad_services_config" />
194-->[com.google.android.gms:play-services-measurement-api:22.1.2] AndroidManifest.xml:32:13-58
195
196        <provider
196-->[com.google.firebase:firebase-common:21.0.0] AndroidManifest.xml:23:9-28:39
197            android:name="com.google.firebase.provider.FirebaseInitProvider"
197-->[com.google.firebase:firebase-common:21.0.0] AndroidManifest.xml:24:13-77
198            android:authorities="com.ava.firebaseinitprovider"
198-->[com.google.firebase:firebase-common:21.0.0] AndroidManifest.xml:25:13-72
199            android:directBootAware="true"
199-->[com.google.firebase:firebase-common:21.0.0] AndroidManifest.xml:26:13-43
200            android:exported="false"
200-->[com.google.firebase:firebase-common:21.0.0] AndroidManifest.xml:27:13-37
201            android:initOrder="100" />
201-->[com.google.firebase:firebase-common:21.0.0] AndroidManifest.xml:28:13-36
202        <provider
202-->[androidx.work:work-runtime:2.9.1] AndroidManifest.xml:29:9-37:20
203            android:name="androidx.startup.InitializationProvider"
203-->[androidx.work:work-runtime:2.9.1] AndroidManifest.xml:30:13-67
204            android:authorities="com.ava.androidx-startup"
204-->[androidx.work:work-runtime:2.9.1] AndroidManifest.xml:31:13-68
205            android:exported="false" >
205-->[androidx.work:work-runtime:2.9.1] AndroidManifest.xml:32:13-37
206            <meta-data
206-->[androidx.work:work-runtime:2.9.1] AndroidManifest.xml:34:13-36:52
207                android:name="androidx.work.WorkManagerInitializer"
207-->[androidx.work:work-runtime:2.9.1] AndroidManifest.xml:35:17-68
208                android:value="androidx.startup" />
208-->[androidx.work:work-runtime:2.9.1] AndroidManifest.xml:36:17-49
209            <meta-data
209-->[androidx.emoji2:emoji2:1.4.0] AndroidManifest.xml:29:13-31:52
210                android:name="androidx.emoji2.text.EmojiCompatInitializer"
210-->[androidx.emoji2:emoji2:1.4.0] AndroidManifest.xml:30:17-75
211                android:value="androidx.startup" />
211-->[androidx.emoji2:emoji2:1.4.0] AndroidManifest.xml:31:17-49
212            <meta-data
212-->[androidx.lifecycle:lifecycle-process:2.9.4] AndroidManifest.xml:29:13-31:52
213                android:name="androidx.lifecycle.ProcessLifecycleInitializer"
213-->[androidx.lifecycle:lifecycle-process:2.9.4] AndroidManifest.xml:30:17-78
214                android:value="androidx.startup" />
214-->[androidx.lifecycle:lifecycle-process:2.9.4] AndroidManifest.xml:31:17-49
215            <meta-data
215-->[androidx.profileinstaller:profileinstaller:1.4.0] AndroidManifest.xml:29:13-31:52
216                android:name="androidx.profileinstaller.ProfileInstallerInitializer"
216-->[androidx.profileinstaller:profileinstaller:1.4.0] AndroidManifest.xml:30:17-85
217                android:value="androidx.startup" />
217-->[androidx.profileinstaller:profileinstaller:1.4.0] AndroidManifest.xml:31:17-49
218        </provider>
219
220        <service
220-->[androidx.work:work-runtime:2.9.1] AndroidManifest.xml:39:9-45:35
221            android:name="androidx.work.impl.background.systemalarm.SystemAlarmService"
221-->[androidx.work:work-runtime:2.9.1] AndroidManifest.xml:40:13-88
222            android:directBootAware="false"
222-->[androidx.work:work-runtime:2.9.1] AndroidManifest.xml:41:13-44
223            android:enabled="@bool/enable_system_alarm_service_default"
223-->[androidx.work:work-runtime:2.9.1] AndroidManifest.xml:42:13-72
224            android:exported="false" />
224-->[androidx.work:work-runtime:2.9.1] AndroidManifest.xml:43:13-37
225        <service
225-->[androidx.work:work-runtime:2.9.1] AndroidManifest.xml:46:9-52:35
226            android:name="androidx.work.impl.background.systemjob.SystemJobService"
226-->[androidx.work:work-runtime:2.9.1] AndroidManifest.xml:47:13-84
227            android:directBootAware="false"
227-->[androidx.work:work-runtime:2.9.1] AndroidManifest.xml:48:13-44
228            android:enabled="@bool/enable_system_job_service_default"
228-->[androidx.work:work-runtime:2.9.1] AndroidManifest.xml:49:13-70
229            android:exported="true"
229-->[androidx.work:work-runtime:2.9.1] AndroidManifest.xml:50:13-36
230            android:permission="android.permission.BIND_JOB_SERVICE" />
230-->[androidx.work:work-runtime:2.9.1] AndroidManifest.xml:51:13-69
231        <service
231-->[androidx.work:work-runtime:2.9.1] AndroidManifest.xml:53:9-59:35
232            android:name="androidx.work.impl.foreground.SystemForegroundService"
232-->[androidx.work:work-runtime:2.9.1] AndroidManifest.xml:54:13-81
233            android:directBootAware="false"
233-->[androidx.work:work-runtime:2.9.1] AndroidManifest.xml:55:13-44
234            android:enabled="@bool/enable_system_foreground_service_default"
234-->[androidx.work:work-runtime:2.9.1] AndroidManifest.xml:56:13-77
235            android:exported="false" />
235-->[androidx.work:work-runtime:2.9.1] AndroidManifest.xml:57:13-37
236
237        <receiver
237-->[androidx.work:work-runtime:2.9.1] AndroidManifest.xml:61:9-66:35
238            android:name="androidx.work.impl.utils.ForceStopRunnable$BroadcastReceiver"
238-->[androidx.work:work-runtime:2.9.1] AndroidManifest.xml:62:13-88
239            android:directBootAware="false"
239-->[androidx.work:work-runtime:2.9.1] AndroidManifest.xml:63:13-44
240            android:enabled="true"
240-->[androidx.work:work-runtime:2.9.1] AndroidManifest.xml:64:13-35
241            android:exported="false" />
241-->[androidx.work:work-runtime:2.9.1] AndroidManifest.xml:65:13-37
242        <receiver
242-->[androidx.work:work-runtime:2.9.1] AndroidManifest.xml:67:9-77:20
243            android:name="androidx.work.impl.background.systemalarm.ConstraintProxy$BatteryChargingProxy"
243-->[androidx.work:work-runtime:2.9.1] AndroidManifest.xml:68:13-106
244            android:directBootAware="false"
244-->[androidx.work:work-runtime:2.9.1] AndroidManifest.xml:69:13-44
245            android:enabled="false"
245-->[androidx.work:work-runtime:2.9.1] AndroidManifest.xml:70:13-36
246            android:exported="false" >
246-->[androidx.work:work-runtime:2.9.1] AndroidManifest.xml:71:13-37
247            <intent-filter>
247-->[androidx.work:work-runtime:2.9.1] AndroidManifest.xml:73:13-76:29
248                <action android:name="android.intent.action.ACTION_POWER_CONNECTED" />
248-->[androidx.work:work-runtime:2.9.1] AndroidManifest.xml:74:17-87
248-->[androidx.work:work-runtime:2.9.1] AndroidManifest.xml:74:25-84
249                <action android:name="android.intent.action.ACTION_POWER_DISCONNECTED" />
249-->[androidx.work:work-runtime:2.9.1] AndroidManifest.xml:75:17-90
249-->[androidx.work:work-runtime:2.9.1] AndroidManifest.xml:75:25-87
250            </intent-filter>
251        </receiver>
252        <receiver
252-->[androidx.work:work-runtime:2.9.1] AndroidManifest.xml:78:9-88:20
253            android:name="androidx.work.impl.background.systemalarm.ConstraintProxy$BatteryNotLowProxy"
253-->[androidx.work:work-runtime:2.9.1] AndroidManifest.xml:79:13-104
254            android:directBootAware="false"
254-->[androidx.work:work-runtime:2.9.1] AndroidManifest.xml:80:13-44
255            android:enabled="false"
255-->[androidx.work:work-runtime:2.9.1] AndroidManifest.xml:81:13-36
256            android:exported="false" >
256-->[androidx.work:work-runtime:2.9.1] AndroidManifest.xml:82:13-37
257            <intent-filter>
257-->[androidx.work:work-runtime:2.9.1] AndroidManifest.xml:84:13-87:29